{
  "RSpec": {
    "coverage": {
      "/home/vagrant/nico/rails/MeloBlo/config/environment.rb": [
        null,
        1,
        null,
        null,
        1
      ],
      "/home/vagrant/nico/rails/MeloBlo/config/application.rb": [
        1,
        null,
        1,
        null,
        null,
        null,
        1,
        null,
        1,
        1,
        1,
        1,
        1,
        1,
        null,
        1,
        null,
        null
      ],
      "/home/vagrant/nico/rails/MeloBlo/config/boot.rb": [
        null,
        1,
        null,
        1
      ],
      "/home/vagrant/nico/rails/MeloBlo/config/environments/test.rb": [
        1,
        null,
        null,
        null,
        null,
        null,
        null,
        1,
        null,
        null,
        null,
        null,
        1,
        null,
        null,
        1,
        1,
        null,
        null,
        1,
        1,
        null,
        null,
        1,
        null,
        null,
        1,
        null,
        null,
        null,
        null,
        1,
        null,
        null,
        1,
        null,
        null,
        null,
        null
      ],
      "/home/vagrant/nico/rails/MeloBlo/config/initializers/assets.rb": [
        null,
        null,
        null,
        1,
        null,
        null,
        null,
        null
      ],
      "/home/vagrant/nico/rails/MeloBlo/config/initializers/backtrace_silencers.rb": [
        null,
        null,
        null,
        null,
        null,
        null,
        null
      ],
      "/home/vagrant/nico/rails/MeloBlo/config/initializers/cookies_serializer.rb": [
        null,
        null,
        1
      ],
      "/home/vagrant/nico/rails/MeloBlo/config/initializers/devise.rb": [
        null,
        null,
        1,
        null,
        null,
        null,
        null,
        null,
        null,
        null,
        null,
        null,
        1,
        null,
        null,
        null,
        null,
        null,
        null,
        null,
        null,
        1,
        null,
        null,
        null,
        null,
        null,
        null,
        null,
        null,
        null,
        1,
        null,
        null,
        null,
        null,
        null,
        null,
        null,
        null,
        null,
        null,
        null,
        1,
        null,
        null,
        null,
        null,
        1,
        null,
        null,
        null,
        null,
        null,
        null,
        null,
        null,
        null,
        null,
        null,
        null,
        null,
        null,
        null,
        null,
        null,
        null,
        null,
        null,
        null,
        null,
        null,
        null,
        null,
        null,
        null,
        null,
        null,
        null,
        1,
        null,
        null,
        null,
        null,
        null,
        null,
        null,
        null,
        null,
        null,
        null,
        null,
        null,
        null,
        null,
        null,
        1,
        null,
        null,
        null,
        null,
        null,
        null,
        null,
        null,
        null,
        null,
        null,
        null,
        null,
        null,
        null,
        null,
        null,
        null,
        null,
        null,
        null,
        null,
        null,
        null,
        1,
        null,
        null,
        null,
        null,
        null,
        null,
        null,
        null,
        null,
        1,
        null,
        null,
        null,
        null,
        null,
        null,
        null,
        null,
        null,
        null,
        1,
        null,
        null,
        null,
        null,
        null,
        null,
        null,
        null,
        null,
        null,
        null,
        null,
        null,
        null,
        null,
        null,
        null,
        null,
        null,
        null,
        null,
        null,
        null,
        null,
        null,
        null,
        null,
        null,
        null,
        null,
        null,
        null,
        null,
        null,
        null,
        null,
        null,
        null,
        null,
        null,
        null,
        null,
        null,
        null,
        null,
        null,
        null,
        null,
        1,
        null,
        null,
        null,
        null,
        null,
        null,
        null,
        null,
        null,
        null,
        null,
        null,
        null,
        null,
        null,
        null,
        null,
        null,
        null,
        null,
        null,
        null,
        null,
        null,
        null,
        null,
        null,
        null,
        null,
        null,
        null,
        null,
        null,
        null,
        null,
        null,
        null,
        1,
        null,
        null,
        null,
        null,
        null,
        null,
        null,
        null,
        null,
        null,
        null,
        null,
        null,
        null,
        null,
        null,
        null,
        null,
        null,
        null,
        null,
        null,
        null,
        null,
        null,
        null,
        null,
        null,
        null
      ],
      "/home/vagrant/nico/rails/MeloBlo/config/initializers/filter_parameter_logging.rb": [
        null,
        null,
        null,
        1
      ],
      "/home/vagrant/nico/rails/MeloBlo/config/initializers/inflections.rb": [
        null,
        null,
        null,
        null,
        null,
        null,
        null,
        null,
        null,
        null,
        null,
        null,
        null,
        null,
        null,
        null
      ],
      "/home/vagrant/nico/rails/MeloBlo/config/initializers/mime_types.rb": [
        null,
        null,
        null,
        null
      ],
      "/home/vagrant/nico/rails/MeloBlo/config/initializers/session_store.rb": [
        null,
        null,
        1
      ],
      "/home/vagrant/nico/rails/MeloBlo/config/initializers/wrap_parameters.rb": [
        null,
        null,
        null,
        null,
        null,
        null,
        1,
        1,
        null,
        null,
        null,
        null,
        null,
        null
      ],
      "/home/vagrant/nico/rails/MeloBlo/config/routes.rb": [
        1,
        1,
        null,
        null,
        1,
        null,
        null,
        1,
        1,
        null,
        null,
        null,
        1,
        1,
        null,
        null,
        1,
        1,
        null,
        null,
        null,
        1,
        1,
        1,
        null,
        null,
        1,
        1,
        null,
        null
      ],
      "/home/vagrant/nico/rails/MeloBlo/app/models/user.rb": [
        1,
        null,
        null,
        1,
        null,
        null,
        1,
        1,
        0,
        0,
        null,
        0,
        null,
        0,
        null,
        null,
        1,
        6,
        null,
        null,
        1,
        12,
        null,
        null
      ],
      "/home/vagrant/nico/rails/MeloBlo/app/helpers/application_helper.rb": [
        1,
        null,
        1,
        1,
        0,
        null,
        null,
        null,
        1,
        0,
        null,
        null,
        null,
        null,
        null,
        null,
        null,
        null,
        0,
        null,
        null,
        1,
        0,
        null,
        null,
        1,
        0,
        0,
        null,
        null,
        1,
        0,
        0,
        0,
        null,
        null,
        null
      ],
      "/home/vagrant/nico/rails/MeloBlo/app/helpers/articles_helper.rb": [
        1,
        1,
        null
      ],
      "/home/vagrant/nico/rails/MeloBlo/app/helpers/blogs_helper.rb": [
        1,
        1,
        0,
        null,
        null
      ],
      "/home/vagrant/nico/rails/MeloBlo/app/helpers/categories_helper.rb": [
        1,
        null
      ],
      "/home/vagrant/nico/rails/MeloBlo/app/models/article.rb": [
        1,
        1,
        1,
        1,
        null
      ],
      "/home/vagrant/nico/rails/MeloBlo/app/models/blog.rb": [
        1,
        1,
        1,
        1,
        1,
        null,
        1,
        null
      ],
      "/home/vagrant/nico/rails/MeloBlo/app/models/category.rb": [
        1,
        1,
        1,
        1,
        null
      ]
    },
    "timestamp": 1416663323
  }
}
